[0403/171115.129:ERROR:process_memory_win.cc(73)] ReadMemory at 0x7ff66f310000 of 64 bytes failed: Only part of a ReadProcessMemory or WriteProcessMemory request was completed. (0x12B)
[0403/171115.132:WARNING:pe_image_reader.cc(340)] could not read dos header from C:\Program Files (x86)\Google\Chrome\Application\chrome.exe
[0403/171115.132:ERROR:process_memory_win.cc(73)] ReadMemory at 0x7ffbcfce0000 of 64 bytes failed: Only part of a ReadProcessMemory or WriteProcessMemory request was completed. (0x12B)
[0403/171115.132:WARNING:pe_image_reader.cc(340)] could not read dos header from C:\windows\SYSTEM32\ntdll.dll
[0403/171115.132:ERROR:process_memory_win.cc(73)] ReadMemory at 0x7ffbce5f0000 of 64 bytes failed: Only part of a ReadProcessMemory or WriteProcessMemory request was completed. (0x12B)
[0403/171115.133:WARNING:pe_image_reader.cc(340)] could not read dos header from C:\windows\System32\KERNEL32.DLL
[0403/171115.133:ERROR:process_memory_win.cc(73)] ReadMemory at 0x7ffbcced0000 of 64 bytes failed: Only part of a ReadProcessMemory or WriteProcessMemory request was completed. (0x12B)
[0403/171115.133:WARNING:pe_image_reader.cc(340)] could not read dos header from C:\windows\System32\KERNELBASE.dll
[0403/171115.133:ERROR:process_memory_win.cc(73)] ReadMemory at 0x7ffbc6480000 of 64 bytes failed: Only part of a ReadProcessMemory or WriteProcessMemory request was completed. (0x12B)
[0403/171115.133:WARNING:pe_image_reader.cc(340)] could not read dos header from C:\Program Files (x86)\Google\Chrome\Application\80.0.3987.149\chrome_elf.dll
[0403/171115.133:ERROR:process_memory_win.cc(73)] ReadMemory at 0x7ffbc5a80000 of 64 bytes failed: Only part of a ReadProcessMemory or WriteProcessMemory request was completed. (0x12B)
[0403/171115.133:WARNING:pe_image_reader.cc(340)] could not read dos header from C:\windows\SYSTEM32\VERSION.dll
[0403/171115.133:ERROR:process_memory_win.cc(73)] ReadMemory at 0x7ffbcfb00000 of 64 bytes failed: Only part of a ReadProcessMemory or WriteProcessMemory request was completed. (0x12B)
[0403/171115.133:WARNING:pe_image_reader.cc(340)] could not read dos header from C:\windows\System32\msvcrt.dll
[0403/171115.133:ERROR:process_memory_win.cc(73)] ReadMemory at 0x7ffbc0240000 of 64 bytes failed: Only part of a ReadProcessMemory or WriteProcessMemory request was completed. (0x12B)
[0403/171115.133:WARNING:pe_image_reader.cc(340)] could not read dos header from C:\windows\system32\tmumh\20019\AddOn\8.53.0.1016\TmUmEvt64.dll
[0403/171115.133:ERROR:process_memory_win.cc(73)] ReadMemory at 0x7ffbcddf0000 of 64 bytes failed: Only part of a ReadProcessMemory or WriteProcessMemory request was completed. (0x12B)
[0403/171115.133:WARNING:pe_image_reader.cc(340)] could not read dos header from C:\windows\System32\PSAPI.DLL
[0403/171115.134:ERROR:process_memory_win.cc(73)] ReadMemory at 0x7ffbce930000 of 64 bytes failed: Only part of a ReadProcessMemory or WriteProcessMemory request was completed. (0x12B)
[0403/171115.134:WARNING:pe_image_reader.cc(340)] could not read dos header from C:\windows\System32\ADVAPI32.dll
[0403/171115.134:ERROR:process_memory_win.cc(73)] ReadMemory at 0x7ffbce9f0000 of 64 bytes failed: Only part of a ReadProcessMemory or WriteProcessMemory request was completed. (0x12B)
[0403/171115.134:WARNING:pe_image_reader.cc(340)] could not read dos header from C:\windows\System32\sechost.dll
[0403/171115.134:ERROR:process_memory_win.cc(73)] ReadMemory at 0x7ffbce810000 of 64 bytes failed: Only part of a ReadProcessMemory or WriteProcessMemory request was completed. (0x12B)
[0403/171115.134:WARNING:pe_image_reader.cc(340)] could not read dos header from C:\windows\System32\RPCRT4.dll
[0403/171115.134:ERROR:process_memory_win.cc(73)] ReadMemory at 0x5f770000 of 64 bytes failed: Only part of a ReadProcessMemory or WriteProcessMemory request was completed. (0x12B)
[0403/171115.134:WARNING:pe_image_reader.cc(340)] could not read dos header from C:\windows\system32\tmumh\20019\TmMon\2.8.0.1039\tmmon64.dll
[0403/171115.134:ERROR:process_memory_win.cc(73)] ReadMemory at 0x7ffbcdd90000 of 64 bytes failed: Only part of a ReadProcessMemory or WriteProcessMemory request was completed. (0x12B)
[0403/171115.135:WARNING:pe_image_reader.cc(340)] could not read dos header from C:\windows\System32\Shlwapi.dll
[0403/171115.135:ERROR:process_memory_win.cc(73)] ReadMemory at 0x7ffbcf230000 of 64 bytes failed: Only part of a ReadProcessMemory or WriteProcessMemory request was completed. (0x12B)
[0403/171115.135:WARNING:pe_image_reader.cc(340)] could not read dos header from C:\windows\System32\combase.dll
[0403/171115.135:ERROR:process_memory_win.cc(73)] ReadMemory at 0x7ffbcd9a0000 of 64 bytes failed: Only part of a ReadProcessMemory or WriteProcessMemory request was completed. (0x12B)
[0403/171115.135:WARNING:pe_image_reader.cc(340)] could not read dos header from C:\windows\System32\ucrtbase.dll
[0403/171115.135:ERROR:process_memory_win.cc(73)] ReadMemory at 0x7ffbccd90000 of 64 bytes failed: Only part of a ReadProcessMemory or WriteProcessMemory request was completed. (0x12B)
[0403/171115.135:WARNING:pe_image_reader.cc(340)] could not read dos header from C:\windows\System32\bcryptPrimitives.dll
[0403/171115.135:ERROR:process_memory_win.cc(73)] ReadMemory at 0x7ffbce7e0000 of 64 bytes failed: Only part of a ReadProcessMemory or WriteProcessMemory request was completed. (0x12B)
[0403/171115.135:WARNING:pe_image_reader.cc(340)] could not read dos header from C:\windows\System32\GDI32.dll
[0403/171115.135:ERROR:process_memory_win.cc(73)] ReadMemory at 0x7ffbccea0000 of 64 bytes failed: Only part of a ReadProcessMemory or WriteProcessMemory request was completed. (0x12B)
[0403/171115.135:WARNING:pe_image_reader.cc(340)] could not read dos header from C:\windows\System32\win32u.dll
[0403/171115.135:ERROR:process_memory_win.cc(73)] ReadMemory at 0x7ffbcdaa0000 of 64 bytes failed: Only part of a ReadProcessMemory or WriteProcessMemory request was completed. (0x12B)
[0403/171115.135:WARNING:pe_image_reader.cc(340)] could not read dos header from C:\windows\System32\gdi32full.dll
[0403/171115.135:ERROR:process_memory_win.cc(73)] ReadMemory at 0x7ffbcd900000 of 64 bytes failed: Only part of a ReadProcessMemory or WriteProcessMemory request was completed. (0x12B)
[0403/171115.135:WARNING:pe_image_reader.cc(340)] could not read dos header from C:\windows\System32\msvcp_win.dll
[0403/171115.135:ERROR:process_memory_win.cc(73)] ReadMemory at 0x7ffbce430000 of 64 bytes failed: Only part of a ReadProcessMemory or WriteProcessMemory request was completed. (0x12B)
[0403/171115.135:WARNING:pe_image_reader.cc(340)] could not read dos header from C:\windows\System32\USER32.dll
[0403/171115.135:ERROR:process_memory_win.cc(73)] ReadMemory at 0x7ffbcfba0000 of 64 bytes failed: Only part of a ReadProcessMemory or WriteProcessMemory request was completed. (0x12B)
[0403/171115.135:WARNING:pe_image_reader.cc(340)] could not read dos header from C:\windows\System32\IMM32.DLL
[0403/171115.135:ERROR:process_memory_win.cc(73)] ReadMemory at 0x7ffb5c850000 of 64 bytes failed: Only part of a ReadProcessMemory or WriteProcessMemory request was completed. (0x12B)
[0403/171115.135:WARNING:pe_image_reader.cc(340)] could not read dos header from C:\Program Files (x86)\Google\Chrome\Application\80.0.3987.149\chrome.dll
[0403/171115.135:ERROR:process_memory_win.cc(73)] ReadMemory at 0x7ffbcfbd0000 of 64 bytes failed: Only part of a ReadProcessMemory or WriteProcessMemory request was completed. (0x12B)
[0403/171115.135:WARNING:pe_image_reader.cc(340)] could not read dos header from C:\windows\System32\WS2_32.dll
[0403/171115.135:ERROR:process_memory_win.cc(73)] ReadMemory at 0x7ffbcf850000 of 64 bytes failed: Only part of a ReadProcessMemory or WriteProcessMemory request was completed. (0x12B)
[0403/171115.135:WARNING:pe_image_reader.cc(340)] could not read dos header from C:\windows\System32\OLEAUT32.dll
[0403/171115.135:ERROR:process_memory_win.cc(73)] ReadMemory at 0x21b4cc60000 of 64 bytes failed: Only part of a ReadProcessMemory or WriteProcessMemory request was completed. (0x12B)
[0403/171115.135:WARNING:pe_image_reader.cc(340)] could not read dos header from C:\windows\System32\WINTRUST.dll
[0403/171115.135:ERROR:process_memory_win.cc(73)] ReadMemory at 0x7ffbccc20000 of 64 bytes failed: Only part of a ReadProcessMemory or WriteProcessMemory request was completed. (0x12B)
[0403/171115.135:WARNING:pe_image_reader.cc(340)] could not read dos header from C:\windows\System32\MSASN1.dll
[0403/171115.135:ERROR:process_memory_win.cc(73)] ReadMemory at 0x7ffbcdc40000 of 64 bytes failed: Only part of a ReadProcessMemory or WriteProcessMemory request was completed. (0x12B)
[0403/171115.135:WARNING:pe_image_reader.cc(340)] could not read dos header from C:\windows\System32\CRYPT32.dll
[0403/171115.135:ERROR:process_memory_win.cc(73)] ReadMemory at 0x7ffbcc0c0000 of 64 bytes failed: Only part of a ReadProcessMemory or WriteProcessMemory request was completed. (0x12B)
[0403/171115.135:WARNING:pe_image_reader.cc(340)] could not read dos header from C:\windows\SYSTEM32\IPHLPAPI.DLL
[0403/171115.135:ERROR:process_memory_win.cc(73)] ReadMemory at 0x7ffbcab20000 of 64 bytes failed: Only part of a ReadProcessMemory or WriteProcessMemory request was completed. (0x12B)
[0403/171115.135:WARNING:pe_image_reader.cc(340)] could not read dos header from C:\windows\SYSTEM32\WINMM.dll
[0403/171115.135:ERROR:process_memory_win.cc(73)] ReadMemory at 0x7ffbb51f0000 of 64 bytes failed: Only part of a ReadProcessMemory or WriteProcessMemory request was completed. (0x12B)
[0403/171115.135:WARNING:pe_image_reader.cc(340)] could not read dos header from C:\windows\SYSTEM32\Secur32.dll
[0403/171115.135:ERROR:process_memory_win.cc(73)] ReadMemory at 0x7ffbcca90000 of 64 bytes failed: Only part of a ReadProcessMemory or WriteProcessMemory request was completed. (0x12B)
[0403/171115.135:WARNING:pe_image_reader.cc(340)] could not read dos header from C:\windows\SYSTEM32\USERENV.dll
[0403/171115.135:ERROR:process_memory_win.cc(73)] ReadMemory at 0x7ffbccc40000 of 64 bytes failed: Only part of a ReadProcessMemory or WriteProcessMemory request was completed. (0x12B)
[0403/171115.135:WARNING:pe_image_reader.cc(340)] could not read dos header from C:\windows\System32\profapi.dll
[0403/171115.135:ERROR:process_memory_win.cc(73)] ReadMemory at 0x7ffb97c80000 of 64 bytes failed: Only part of a ReadProcessMemory or WriteProcessMemory request was completed. (0x12B)
[0403/171115.135:WARNING:pe_image_reader.cc(340)] could not read dos header from C:\windows\SYSTEM32\UIAutomationCore.DLL
[0403/171115.135:ERROR:process_memory_win.cc(73)] ReadMemory at 0x7ffb9fef0000 of 64 bytes failed: Only part of a ReadProcessMemory or WriteProcessMemory request was completed. (0x12B)
[0403/171115.135:WARNING:pe_image_reader.cc(340)] could not read dos header from C:\windows\SYSTEM32\DWrite.dll
[0403/171115.135:ERROR:process_memory_win.cc(73)] ReadMemory at 0x7ffb769f0000 of 64 bytes failed: Only part of a ReadProcessMemory or WriteProcessMemory request was completed. (0x12B)
[0403/171115.135:WARNING:pe_image_reader.cc(340)] could not read dos header from C:\windows\SYSTEM32\WINSPOOL.DRV
[0403/171115.135:ERROR:process_memory_win.cc(73)] ReadMemory at 0x7ffbccc00000 of 64 bytes failed: Only part of a ReadProcessMemory or WriteProcessMemory request was completed. (0x12B)
[0403/171115.135:WARNING:pe_image_reader.cc(340)] could not read dos header from C:\windows\System32\kernel.appcore.dll
[0403/171115.135:ERROR:process_memory_win.cc(73)] ReadMemory at 0x7ffbcce10000 of 64 bytes failed: Only part of a ReadProcessMemory or WriteProcessMemory request was completed. (0x12B)
[0403/171115.135:WARNING:pe_image_reader.cc(340)] could not read dos header from C:\windows\System32\bcrypt.dll
[0403/171115.135:ERROR:process_memory_win.cc(73)] ReadMemory at 0x7ffbbe4d0000 of 64 bytes failed: Only part of a ReadProcessMemory or WriteProcessMemory request was completed. (0x12B)
[0403/171115.136:WARNING:pe_image_reader.cc(340)] could not read dos header from C:\windows\SYSTEM32\dbghelp.dll
[0403/171115.136:ERROR:process_memory_win.cc(73)] ReadMemory at 0x7ffbc83e0000 of 64 bytes failed: Only part of a ReadProcessMemory or WriteProcessMemory request was completed. (0x12B)
[0403/171115.136:WARNING:pe_image_reader.cc(340)] could not read dos header from C:\windows\SYSTEM32\WINHTTP.dll
[0403/171115.136:ERROR:process_memory_win.cc(73)] ReadMemory at 0x7ffbc4200000 of 64 bytes failed: Only part of a ReadProcessMemory or WriteProcessMemory request was completed. (0x12B)
[0403/171115.136:WARNING:pe_image_reader.cc(340)] could not read dos header from C:\windows\SYSTEM32\dhcpcsvc.DLL
[0403/171115.136:ERROR:process_memory_win.cc(73)] ReadMemory at 0x21b4ccc0000 of 64 bytes failed: Only part of a ReadProcessMemory or WriteProcessMemory request was completed. (0x12B)
[0403/171115.136:WARNING:pe_image_reader.cc(340)] could not read dos header from C:\windows\System32\NSI.dll
[0403/171115.136:ERROR:process_memory_win.cc(73)] ReadMemory at 0x7ffbcaa90000 of 64 bytes failed: Only part of a ReadProcessMemory or WriteProcessMemory request was completed. (0x12B)
[0403/171115.136:WARNING:pe_image_reader.cc(340)] could not read dos header from C:\windows\SYSTEM32\WINMMBASE.dll
[0403/171115.136:ERROR:process_memory_win.cc(73)] ReadMemory at 0x7ffbccc90000 of 64 bytes failed: Only part of a ReadProcessMemory or WriteProcessMemory request was completed. (0x12B)
[0403/171115.136:WARNING:pe_image_reader.cc(340)] could not read dos header from C:\windows\System32\cfgmgr32.dll
[0403/171115.136:ERROR:process_memory_win.cc(73)] ReadMemory at 0x7ffbca7f0000 of 64 bytes failed: Only part of a ReadProcessMemory or WriteProcessMemory request was completed. (0x12B)
[0403/171115.136:WARNING:pe_image_reader.cc(340)] could not read dos header from C:\windows\SYSTEM32\PROPSYS.dll
[0403/171115.136:ERROR:process_memory_win.cc(73)] ReadMemory at 0x21b4cd40000 of 64 bytes failed: Only part of a ReadProcessMemory or WriteProcessMemory request was completed. (0x12B)
[0403/171115.136:WARNING:pe_image_reader.cc(340)] could not read dos header from C:\windows\System32\shcore.dll
[0403/171115.137:ERROR:process_memory_win.cc(73)] ReadMemory at 0x7ffbccac0000 of 64 bytes failed: Only part of a ReadProcessMemory or WriteProcessMemory request was completed. (0x12B)
[0403/171115.137:WARNING:pe_image_reader.cc(340)] could not read dos header from C:\windows\SYSTEM32\SSPICLI.DLL
[0403/171115.137:ERROR:process_memory_win.cc(73)] ReadMemory at 0x7ffbcc5e0000 of 64 bytes failed: Only part of a ReadProcessMemory or WriteProcessMemory request was completed. (0x12B)
[0403/171115.137:WARNING:pe_image_reader.cc(340)] could not read dos header from C:\windows\SYSTEM32\CRYPTBASE.DLL
[0403/171115.137:ERROR:process_memory_win.cc(73)] ReadMemory at 0x7ff66f310000 of 64 bytes failed: Only part of a ReadProcessMemory or WriteProcessMemory request was completed. (0x12B)
[0403/171115.137:WARNING:pe_image_reader.cc(340)] could not read dos header from C:\Program Files (x86)\Google\Chrome\Application\chrome.exe
[0403/171115.137:ERROR:process_memory_win.cc(73)] ReadMemory at 0x7ffbcfce0000 of 64 bytes failed: Only part of a ReadProcessMemory or WriteProcessMemory request was completed. (0x12B)
[0403/171115.137:WARNING:pe_image_reader.cc(340)] could not read dos header from C:\windows\SYSTEM32\ntdll.dll
[0403/171115.137:ERROR:process_memory_win.cc(73)] ReadMemory at 0x7ffbce5f0000 of 64 bytes failed: Only part of a ReadProcessMemory or WriteProcessMemory request was completed. (0x12B)
[0403/171115.137:WARNING:pe_image_reader.cc(340)] could not read dos header from C:\windows\System32\KERNEL32.DLL
[0403/171115.137:ERROR:process_memory_win.cc(73)] ReadMemory at 0x7ffbcced0000 of 64 bytes failed: Only part of a ReadProcessMemory or WriteProcessMemory request was completed. (0x12B)
[0403/171115.137:WARNING:pe_image_reader.cc(340)] could not read dos header from C:\windows\System32\KERNELBASE.dll
[0403/171115.137:ERROR:process_memory_win.cc(73)] ReadMemory at 0x7ffbc6480000 of 64 bytes failed: Only part of a ReadProcessMemory or WriteProcessMemory request was completed. (0x12B)
[0403/171115.137:WARNING:pe_image_reader.cc(340)] could not read dos header from C:\Program Files (x86)\Google\Chrome\Application\80.0.3987.149\chrome_elf.dll
[0403/171115.137:ERROR:process_memory_win.cc(73)] ReadMemory at 0x7ffbc5a80000 of 64 bytes failed: Only part of a ReadProcessMemory or WriteProcessMemory request was completed. (0x12B)
[0403/171115.137:WARNING:pe_image_reader.cc(340)] could not read dos header from C:\windows\SYSTEM32\VERSION.dll
[0403/171115.137:ERROR:process_memory_win.cc(73)] ReadMemory at 0x7ffbcfb00000 of 64 bytes failed: Only part of a ReadProcessMemory or WriteProcessMemory request was completed. (0x12B)
[0403/171115.137:WARNING:pe_image_reader.cc(340)] could not read dos header from C:\windows\System32\msvcrt.dll
[0403/171115.137:ERROR:process_memory_win.cc(73)] ReadMemory at 0x7ffbc0240000 of 64 bytes failed: Only part of a ReadProcessMemory or WriteProcessMemory request was completed. (0x12B)
[0403/171115.137:WARNING:pe_image_reader.cc(340)] could not read dos header from C:\windows\system32\tmumh\20019\AddOn\8.53.0.1016\TmUmEvt64.dll
[0403/171115.137:ERROR:process_memory_win.cc(73)] ReadMemory at 0x7ffbcddf0000 of 64 bytes failed: Only part of a ReadProcessMemory or WriteProcessMemory request was completed. (0x12B)
[0403/171115.137:WARNING:pe_image_reader.cc(340)] could not read dos header from C:\windows\System32\PSAPI.DLL
[0403/171115.137:ERROR:process_memory_win.cc(73)] ReadMemory at 0x7ffbce930000 of 64 bytes failed: Only part of a ReadProcessMemory or WriteProcessMemory request was completed. (0x12B)
[0403/171115.137:WARNING:pe_image_reader.cc(340)] could not read dos header from C:\windows\System32\ADVAPI32.dll
[0403/171115.137:ERROR:process_memory_win.cc(73)] ReadMemory at 0x7ffbce9f0000 of 64 bytes failed: Only part of a ReadProcessMemory or WriteProcessMemory request was completed. (0x12B)
[0403/171115.137:WARNING:pe_image_reader.cc(340)] could not read dos header from C:\windows\System32\sechost.dll
[0403/171115.137:ERROR:process_memory_win.cc(73)] ReadMemory at 0x7ffbce810000 of 64 bytes failed: Only part of a ReadProcessMemory or WriteProcessMemory request was completed. (0x12B)
[0403/171115.137:WARNING:pe_image_reader.cc(340)] could not read dos header from C:\windows\System32\RPCRT4.dll
[0403/171115.137:ERROR:process_memory_win.cc(73)] ReadMemory at 0x5f770000 of 64 bytes failed: Only part of a ReadProcessMemory or WriteProcessMemory request was completed. (0x12B)
[0403/171115.137:WARNING:pe_image_reader.cc(340)] could not read dos header from C:\windows\system32\tmumh\20019\TmMon\2.8.0.1039\tmmon64.dll
[0403/171115.137:ERROR:process_memory_win.cc(73)] ReadMemory at 0x7ffbcdd90000 of 64 bytes failed: Only part of a ReadProcessMemory or WriteProcessMemory request was completed. (0x12B)
[0403/171115.137:WARNING:pe_image_reader.cc(340)] could not read dos header from C:\windows\System32\Shlwapi.dll
[0403/171115.137:ERROR:process_memory_win.cc(73)] ReadMemory at 0x7ffbcf230000 of 64 bytes failed: Only part of a ReadProcessMemory or WriteProcessMemory request was completed. (0x12B)
[0403/171115.137:WARNING:pe_image_reader.cc(340)] could not read dos header from C:\windows\System32\combase.dll
[0403/171115.137:ERROR:process_memory_win.cc(73)] ReadMemory at 0x7ffbcd9a0000 of 64 bytes failed: Only part of a ReadProcessMemory or WriteProcessMemory request was completed. (0x12B)
[0403/171115.137:WARNING:pe_image_reader.cc(340)] could not read dos header from C:\windows\System32\ucrtbase.dll
[0403/171115.137:ERROR:process_memory_win.cc(73)] ReadMemory at 0x7ffbccd90000 of 64 bytes failed: Only part of a ReadProcessMemory or WriteProcessMemory request was completed. (0x12B)
[0403/171115.137:WARNING:pe_image_reader.cc(340)] could not read dos header from C:\windows\System32\bcryptPrimitives.dll
[0403/171115.137:ERROR:process_memory_win.cc(73)] ReadMemory at 0x7ffbce7e0000 of 64 bytes failed: Only part of a ReadProcessMemory or WriteProcessMemory request was completed. (0x12B)
[0403/171115.137:WARNING:pe_image_reader.cc(340)] could not read dos header from C:\windows\System32\GDI32.dll
[0403/171115.137:ERROR:process_memory_win.cc(73)] ReadMemory at 0x7ffbccea0000 of 64 bytes failed: Only part of a ReadProcessMemory or WriteProcessMemory request was completed. (0x12B)
[0403/171115.137:WARNING:pe_image_reader.cc(340)] could not read dos header from C:\windows\System32\win32u.dll
[0403/171115.137:ERROR:process_memory_win.cc(73)] ReadMemory at 0x7ffbcdaa0000 of 64 bytes failed: Only part of a ReadProcessMemory or WriteProcessMemory request was completed. (0x12B)
[0403/171115.137:WARNING:pe_image_reader.cc(340)] could not read dos header from C:\windows\System32\gdi32full.dll
[0403/171115.137:ERROR:process_memory_win.cc(73)] ReadMemory at 0x7ffbcd900000 of 64 bytes failed: Only part of a ReadProcessMemory or WriteProcessMemory request was completed. (0x12B)
[0403/171115.137:WARNING:pe_image_reader.cc(340)] could not read dos header from C:\windows\System32\msvcp_win.dll
[0403/171115.137:ERROR:process_memory_win.cc(73)] ReadMemory at 0x7ffbce430000 of 64 bytes failed: Only part of a ReadProcessMemory or WriteProcessMemory request was completed. (0x12B)
[0403/171115.137:WARNING:pe_image_reader.cc(340)] could not read dos header from C:\windows\System32\USER32.dll
[0403/171115.137:ERROR:process_memory_win.cc(73)] ReadMemory at 0x7ffbcfba0000 of 64 bytes failed: Only part of a ReadProcessMemory or WriteProcessMemory request was completed. (0x12B)
[0403/171115.137:WARNING:pe_image_reader.cc(340)] could not read dos header from C:\windows\System32\IMM32.DLL
[0403/171115.137:ERROR:process_memory_win.cc(73)] ReadMemory at 0x7ffb5c850000 of 64 bytes failed: Only part of a ReadProcessMemory or WriteProcessMemory request was completed. (0x12B)
[0403/171115.137:WARNING:pe_image_reader.cc(340)] could not read dos header from C:\Program Files (x86)\Google\Chrome\Application\80.0.3987.149\chrome.dll
[0403/171115.137:ERROR:process_memory_win.cc(73)] ReadMemory at 0x7ffbcfbd0000 of 64 bytes failed: Only part of a ReadProcessMemory or WriteProcessMemory request was completed. (0x12B)
[0403/171115.137:WARNING:pe_image_reader.cc(340)] could not read dos header from C:\windows\System32\WS2_32.dll
[0403/171115.137:ERROR:process_memory_win.cc(73)] ReadMemory at 0x7ffbcf850000 of 64 bytes failed: Only part of a ReadProcessMemory or WriteProcessMemory request was completed. (0x12B)
[0403/171115.137:WARNING:pe_image_reader.cc(340)] could not read dos header from C:\windows\System32\OLEAUT32.dll
[0403/171115.137:ERROR:process_memory_win.cc(73)] ReadMemory at 0x21b4cc60000 of 64 bytes failed: Only part of a ReadProcessMemory or WriteProcessMemory request was completed. (0x12B)
[0403/171115.137:WARNING:pe_image_reader.cc(340)] could not read dos header from C:\windows\System32\WINTRUST.dll
[0403/171115.137:ERROR:process_memory_win.cc(73)] ReadMemory at 0x7ffbccc20000 of 64 bytes failed: Only part of a ReadProcessMemory or WriteProcessMemory request was completed. (0x12B)
[0403/171115.137:WARNING:pe_image_reader.cc(340)] could not read dos header from C:\windows\System32\MSASN1.dll
[0403/171115.137:ERROR:process_memory_win.cc(73)] ReadMemory at 0x7ffbcdc40000 of 64 bytes failed: Only part of a ReadProcessMemory or WriteProcessMemory request was completed. (0x12B)
[0403/171115.137:WARNING:pe_image_reader.cc(340)] could not read dos header from C:\windows\System32\CRYPT32.dll
[0403/171115.138:ERROR:process_memory_win.cc(73)] ReadMemory at 0x7ffbcc0c0000 of 64 bytes failed: Only part of a ReadProcessMemory or WriteProcessMemory request was completed. (0x12B)
[0403/171115.138:WARNING:pe_image_reader.cc(340)] could not read dos header from C:\windows\SYSTEM32\IPHLPAPI.DLL
[0403/171115.138:ERROR:process_memory_win.cc(73)] ReadMemory at 0x7ffbcab20000 of 64 bytes failed: Only part of a ReadProcessMemory or WriteProcessMemory request was completed. (0x12B)
[0403/171115.138:WARNING:pe_image_reader.cc(340)] could not read dos header from C:\windows\SYSTEM32\WINMM.dll
[0403/171115.138:ERROR:process_memory_win.cc(73)] ReadMemory at 0x7ffbb51f0000 of 64 bytes failed: Only part of a ReadProcessMemory or WriteProcessMemory request was completed. (0x12B)
[0403/171115.138:WARNING:pe_image_reader.cc(340)] could not read dos header from C:\windows\SYSTEM32\Secur32.dll
[0403/171115.138:ERROR:process_memory_win.cc(73)] ReadMemory at 0x7ffbcca90000 of 64 bytes failed: Only part of a ReadProcessMemory or WriteProcessMemory request was completed. (0x12B)
[0403/171115.138:WARNING:pe_image_reader.cc(340)] could not read dos header from C:\windows\SYSTEM32\USERENV.dll
[0403/171115.138:ERROR:process_memory_win.cc(73)] ReadMemory at 0x7ffbccc40000 of 64 bytes failed: Only part of a ReadProcessMemory or WriteProcessMemory request was completed. (0x12B)
[0403/171115.138:WARNING:pe_image_reader.cc(340)] could not read dos header from C:\windows\System32\profapi.dll
[0403/171115.138:ERROR:process_memory_win.cc(73)] ReadMemory at 0x7ffb97c80000 of 64 bytes failed: Only part of a ReadProcessMemory or WriteProcessMemory request was completed. (0x12B)
[0403/171115.138:WARNING:pe_image_reader.cc(340)] could not read dos header from C:\windows\SYSTEM32\UIAutomationCore.DLL
[0403/171115.138:ERROR:process_memory_win.cc(73)] ReadMemory at 0x7ffb9fef0000 of 64 bytes failed: Only part of a ReadProcessMemory or WriteProcessMemory request was completed. (0x12B)
[0403/171115.138:WARNING:pe_image_reader.cc(340)] could not read dos header from C:\windows\SYSTEM32\DWrite.dll
[0403/171115.138:ERROR:process_memory_win.cc(73)] ReadMemory at 0x7ffb769f0000 of 64 bytes failed: Only part of a ReadProcessMemory or WriteProcessMemory request was completed. (0x12B)
[0403/171115.138:WARNING:pe_image_reader.cc(340)] could not read dos header from C:\windows\SYSTEM32\WINSPOOL.DRV
[0403/171115.138:ERROR:process_memory_win.cc(73)] ReadMemory at 0x7ffbccc00000 of 64 bytes failed: Only part of a ReadProcessMemory or WriteProcessMemory request was completed. (0x12B)
[0403/171115.138:WARNING:pe_image_reader.cc(340)] could not read dos header from C:\windows\System32\kernel.appcore.dll
[0403/171115.138:ERROR:process_memory_win.cc(73)] ReadMemory at 0x7ffbcce10000 of 64 bytes failed: Only part of a ReadProcessMemory or WriteProcessMemory request was completed. (0x12B)
[0403/171115.138:WARNING:pe_image_reader.cc(340)] could not read dos header from C:\windows\System32\bcrypt.dll
[0403/171115.138:ERROR:process_memory_win.cc(73)] ReadMemory at 0x7ffbbe4d0000 of 64 bytes failed: Only part of a ReadProcessMemory or WriteProcessMemory request was completed. (0x12B)
[0403/171115.138:WARNING:pe_image_reader.cc(340)] could not read dos header from C:\windows\SYSTEM32\dbghelp.dll
[0403/171115.138:ERROR:process_memory_win.cc(73)] ReadMemory at 0x7ffbc83e0000 of 64 bytes failed: Only part of a ReadProcessMemory or WriteProcessMemory request was completed. (0x12B)
[0403/171115.138:WARNING:pe_image_reader.cc(340)] could not read dos header from C:\windows\SYSTEM32\WINHTTP.dll
[0403/171115.138:ERROR:process_memory_win.cc(73)] ReadMemory at 0x7ffbc4200000 of 64 bytes failed: Only part of a ReadProcessMemory or WriteProcessMemory request was completed. (0x12B)
[0403/171115.138:WARNING:pe_image_reader.cc(340)] could not read dos header from C:\windows\SYSTEM32\dhcpcsvc.DLL
[0403/171115.138:ERROR:process_memory_win.cc(73)] ReadMemory at 0x21b4ccc0000 of 64 bytes failed: Only part of a ReadProcessMemory or WriteProcessMemory request was completed. (0x12B)
[0403/171115.138:WARNING:pe_image_reader.cc(340)] could not read dos header from C:\windows\System32\NSI.dll
[0403/171115.138:ERROR:process_memory_win.cc(73)] ReadMemory at 0x7ffbcaa90000 of 64 bytes failed: Only part of a ReadProcessMemory or WriteProcessMemory request was completed. (0x12B)
[0403/171115.138:WARNING:pe_image_reader.cc(340)] could not read dos header from C:\windows\SYSTEM32\WINMMBASE.dll
[0403/171115.138:ERROR:process_memory_win.cc(73)] ReadMemory at 0x7ffbccc90000 of 64 bytes failed: Only part of a ReadProcessMemory or WriteProcessMemory request was completed. (0x12B)
[0403/171115.138:WARNING:pe_image_reader.cc(340)] could not read dos header from C:\windows\System32\cfgmgr32.dll
[0403/171115.138:ERROR:process_memory_win.cc(73)] ReadMemory at 0x7ffbca7f0000 of 64 bytes failed: Only part of a ReadProcessMemory or WriteProcessMemory request was completed. (0x12B)
[0403/171115.138:WARNING:pe_image_reader.cc(340)] could not read dos header from C:\windows\SYSTEM32\PROPSYS.dll
[0403/171115.138:ERROR:process_memory_win.cc(73)] ReadMemory at 0x21b4cd40000 of 64 bytes failed: Only part of a ReadProcessMemory or WriteProcessMemory request was completed. (0x12B)
[0403/171115.138:WARNING:pe_image_reader.cc(340)] could not read dos header from C:\windows\System32\shcore.dll
[0403/171115.138:ERROR:process_memory_win.cc(73)] ReadMemory at 0x7ffbccac0000 of 64 bytes failed: Only part of a ReadProcessMemory or WriteProcessMemory request was completed. (0x12B)
[0403/171115.138:WARNING:pe_image_reader.cc(340)] could not read dos header from C:\windows\SYSTEM32\SSPICLI.DLL
[0403/171115.139:ERROR:process_memory_win.cc(73)] ReadMemory at 0x7ffbcc5e0000 of 64 bytes failed: Only part of a ReadProcessMemory or WriteProcessMemory request was completed. (0x12B)
[0403/171115.139:WARNING:pe_image_reader.cc(340)] could not read dos header from C:\windows\SYSTEM32\CRYPTBASE.DLL
[0403/171115.147:ERROR:process_memory_win.cc(73)] ReadMemory at 0xc31a1f5000 of 45056 bytes failed: Only part of a ReadProcessMemory or WriteProcessMemory request was completed. (0x12B)
[0403/171115.147:ERROR:process_memory_win.cc(73)] ReadMemory at 0xc31a9fe000 of 8192 bytes failed: Only part of a ReadProcessMemory or WriteProcessMemory request was completed. (0x12B)
[0403/171115.147:ERROR:process_memory_win.cc(73)] ReadMemory at 0xc31b1fe000 of 8192 bytes failed: Only part of a ReadProcessMemory or WriteProcessMemory request was completed. (0x12B)
[0403/171115.147:ERROR:process_memory_win.cc(73)] ReadMemory at 0xc31b9fd000 of 12288 bytes failed: Only part of a ReadProcessMemory or WriteProcessMemory request was completed. (0x12B)
[0403/171115.147:ERROR:process_memory_win.cc(73)] ReadMemory at 0xc31c1fb000 of 20480 bytes failed: Only part of a ReadProcessMemory or WriteProcessMemory request was completed. (0x12B)
[0403/171115.147:ERROR:process_memory_win.cc(73)] ReadMemory at 0xc31c9fc000 of 16384 bytes failed: Only part of a ReadProcessMemory or WriteProcessMemory request was completed. (0x12B)
[0403/171115.147:ERROR:process_memory_win.cc(73)] ReadMemory at 0xc31d1fc000 of 16384 bytes failed: Only part of a ReadProcessMemory or WriteProcessMemory request was completed. (0x12B)
[0403/171115.147:ERROR:process_memory_win.cc(73)] ReadMemory at 0xc31d9ff000 of 4096 bytes failed: Only part of a ReadProcessMemory or WriteProcessMemory request was completed. (0x12B)
[0403/171115.148:ERROR:process_memory_win.cc(73)] ReadMemory at 0xc31e1fd000 of 12288 bytes failed: Only part of a ReadProcessMemory or WriteProcessMemory request was completed. (0x12B)
[0403/171115.148:ERROR:process_memory_win.cc(73)] ReadMemory at 0xc31e9fb000 of 20480 bytes failed: Only part of a ReadProcessMemory or WriteProcessMemory request was completed. (0x12B)
[0403/171115.148:ERROR:process_memory_win.cc(73)] ReadMemory at 0xc31f1fd000 of 12288 bytes failed: Only part of a ReadProcessMemory or WriteProcessMemory request was completed. (0x12B)
[0403/171115.148:ERROR:process_memory_win.cc(73)] ReadMemory at 0xc31f9fd000 of 12288 bytes failed: Only part of a ReadProcessMemory or WriteProcessMemory request was completed. (0x12B)
[0403/171115.148:ERROR:process_memory_win.cc(73)] ReadMemory at 0xc3201fd000 of 12288 bytes failed: Only part of a ReadProcessMemory or WriteProcessMemory request was completed. (0x12B)
[0403/171115.148:ERROR:process_memory_win.cc(73)] ReadMemory at 0xc3209fd000 of 12288 bytes failed: Only part of a ReadProcessMemory or WriteProcessMemory request was completed. (0x12B)
[0403/171115.148:ERROR:process_memory_win.cc(73)] ReadMemory at 0xc3211fd000 of 12288 bytes failed: Only part of a ReadProcessMemory or WriteProcessMemory request was completed. (0x12B)
[0403/171115.148:ERROR:process_memory_win.cc(73)] ReadMemory at 0xc3219fd000 of 12288 bytes failed: Only part of a ReadProcessMemory or WriteProcessMemory request was completed. (0x12B)
[0403/171115.148:ERROR:process_memory_win.cc(73)] ReadMemory at 0xc3221fd000 of 12288 bytes failed: Only part of a ReadProcessMemory or WriteProcessMemory request was completed. (0x12B)
[0403/171115.148:ERROR:process_memory_win.cc(73)] ReadMemory at 0xc3229fd000 of 12288 bytes failed: Only part of a ReadProcessMemory or WriteProcessMemory request was completed. (0x12B)
[0403/171115.149:ERROR:process_memory_win.cc(73)] ReadMemory at 0xc3239fd000 of 12288 bytes failed: Only part of a ReadProcessMemory or WriteProcessMemory request was completed. (0x12B)
[0403/171115.149:ERROR:process_memory_win.cc(73)] ReadMemory at 0xc3231fd000 of 12288 bytes failed: Only part of a ReadProcessMemory or WriteProcessMemory request was completed. (0x12B)
[0403/171115.149:ERROR:process_memory_win.cc(73)] ReadMemory at 0xc3241fd000 of 12288 bytes failed: Only part of a ReadProcessMemory or WriteProcessMemory request was completed. (0x12B)
[0403/171115.149:ERROR:process_memory_win.cc(73)] ReadMemory at 0xc3249fd000 of 12288 bytes failed: Only part of a ReadProcessMemory or WriteProcessMemory request was completed. (0x12B)
[0403/171115.149:ERROR:process_memory_win.cc(73)] ReadMemory at 0xc3251fd000 of 12288 bytes failed: Only part of a ReadProcessMemory or WriteProcessMemory request was completed. (0x12B)
[0403/171115.149:ERROR:process_memory_win.cc(73)] ReadMemory at 0xc319980000 of 852 bytes failed: Only part of a ReadProcessMemory or WriteProcessMemory request was completed. (0x12B)
[0403/171115.149:ERROR:process_memory_win.cc(73)] ReadMemory at 0xc319981000 of 6024 bytes failed: Only part of a ReadProcessMemory or WriteProcessMemory request was completed. (0x12B)
[0403/171115.149:ERROR:process_memory_win.cc(73)] ReadMemory at 0xc319983000 of 6024 bytes failed: Only part of a ReadProcessMemory or WriteProcessMemory request was completed. (0x12B)
[0403/171115.149:ERROR:process_memory_win.cc(73)] ReadMemory at 0xc319985000 of 6024 bytes failed: Only part of a ReadProcessMemory or WriteProcessMemory request was completed. (0x12B)
[0403/171115.149:ERROR:process_memory_win.cc(73)] ReadMemory at 0xc319987000 of 6024 bytes failed: Only part of a ReadProcessMemory or WriteProcessMemory request was completed. (0x12B)
[0403/171115.149:ERROR:process_memory_win.cc(73)] ReadMemory at 0xc319989000 of 6024 bytes failed: Only part of a ReadProcessMemory or WriteProcessMemory request was completed. (0x12B)
[0403/171115.149:ERROR:process_memory_win.cc(73)] ReadMemory at 0xc31998b000 of 6024 bytes failed: Only part of a ReadProcessMemory or WriteProcessMemory request was completed. (0x12B)
[0403/171115.149:ERROR:process_memory_win.cc(73)] ReadMemory at 0xc31998d000 of 6024 bytes failed: Only part of a ReadProcessMemory or WriteProcessMemory request was completed. (0x12B)
[0403/171115.149:ERROR:process_memory_win.cc(73)] ReadMemory at 0xc31998f000 of 6024 bytes failed: Only part of a ReadProcessMemory or WriteProcessMemory request was completed. (0x12B)
[0403/171115.149:ERROR:process_memory_win.cc(73)] ReadMemory at 0xc319991000 of 6024 bytes failed: Only part of a ReadProcessMemory or WriteProcessMemory request was completed. (0x12B)
[0403/171115.149:ERROR:process_memory_win.cc(73)] ReadMemory at 0xc319993000 of 6024 bytes failed: Only part of a ReadProcessMemory or WriteProcessMemory request was completed. (0x12B)
[0403/171115.149:ERROR:process_memory_win.cc(73)] ReadMemory at 0xc319995000 of 6024 bytes failed: Only part of a ReadProcessMemory or WriteProcessMemory request was completed. (0x12B)
[0403/171115.149:ERROR:process_memory_win.cc(73)] ReadMemory at 0xc319997000 of 6024 bytes failed: Only part of a ReadProcessMemory or WriteProcessMemory request was completed. (0x12B)
[0403/171115.149:ERROR:process_memory_win.cc(73)] ReadMemory at 0xc319999000 of 6024 bytes failed: Only part of a ReadProcessMemory or WriteProcessMemory request was completed. (0x12B)
[0403/171115.150:ERROR:process_memory_win.cc(73)] ReadMemory at 0xc31999b000 of 6024 bytes failed: Only part of a ReadProcessMemory or WriteProcessMemory request was completed. (0x12B)
[0403/171115.150:ERROR:process_memory_win.cc(73)] ReadMemory at 0xc31999d000 of 6024 bytes failed: Only part of a ReadProcessMemory or WriteProcessMemory request was completed. (0x12B)
[0403/171115.150:ERROR:process_memory_win.cc(73)] ReadMemory at 0xc31999f000 of 6024 bytes failed: Only part of a ReadProcessMemory or WriteProcessMemory request was completed. (0x12B)
[0403/171115.150:ERROR:process_memory_win.cc(73)] ReadMemory at 0xc3199a1000 of 6024 bytes failed: Only part of a ReadProcessMemory or WriteProcessMemory request was completed. (0x12B)
[0403/171115.150:ERROR:process_memory_win.cc(73)] ReadMemory at 0xc3199a3000 of 6024 bytes failed: Only part of a ReadProcessMemory or WriteProcessMemory request was completed. (0x12B)
[0403/171115.150:ERROR:process_memory_win.cc(73)] ReadMemory at 0xc3199a5000 of 6024 bytes failed: Only part of a ReadProcessMemory or WriteProcessMemory request was completed. (0x12B)
[0403/171115.150:ERROR:process_memory_win.cc(73)] ReadMemory at 0xc3199a7000 of 6024 bytes failed: Only part of a ReadProcessMemory or WriteProcessMemory request was completed. (0x12B)
[0403/171115.150:ERROR:process_memory_win.cc(73)] ReadMemory at 0xc3199a9000 of 6024 bytes failed: Only part of a ReadProcessMemory or WriteProcessMemory request was completed. (0x12B)
[0403/171115.150:ERROR:process_memory_win.cc(73)] ReadMemory at 0xc3199ab000 of 6024 bytes failed: Only part of a ReadProcessMemory or WriteProcessMemory request was completed. (0x12B)
[0403/171115.150:ERROR:process_memory_win.cc(73)] ReadMemory at 0xc3199ad000 of 6024 bytes failed: Only part of a ReadProcessMemory or WriteProcessMemory request was completed. (0x12B)
[0403/171115.151:ERROR:process_memory_win.cc(73)] ReadMemory at 0x21b4bee0750 of 60 bytes failed: Only part of a ReadProcessMemory or WriteProcessMemory request was completed. (0x12B)
[0403/171115.151:ERROR:process_memory_win.cc(73)] ReadMemory at 0x21b4bee0fe0 of 22682 bytes failed: Only part of a ReadProcessMemory or WriteProcessMemory request was completed. (0x12B)
[0403/171115.151:ERROR:process_memory_win.cc(73)] ReadMemory at 0x21b4bee6890 of 1012 bytes failed: Only part of a ReadProcessMemory or WriteProcessMemory request was completed. (0x12B)
[0403/171115.151:ERROR:process_memory_win.cc(73)] ReadMemory at 0x21b4bee6ed8 of 118 bytes failed: Only part of a ReadProcessMemory or WriteProcessMemory request was completed. (0x12B)
[0403/171115.151:ERROR:process_memory_win.cc(73)] ReadMemory at 0x21b4bee6f50 of 754 bytes failed: Only part of a ReadProcessMemory or WriteProcessMemory request was completed. (0x12B)
[0403/171115.151:ERROR:process_memory_win.cc(73)] ReadMemory at 0x21b4bee7244 of 118 bytes failed: Only part of a ReadProcessMemory or WriteProcessMemory request was completed. (0x12B)
[0403/171115.151:ERROR:process_memory_win.cc(73)] ReadMemory at 0x21b4bee72bc of 96 bytes failed: Only part of a ReadProcessMemory or WriteProcessMemory request was completed. (0x12B)
[0403/171115.151:ERROR:process_memory_win.cc(73)] ReadMemory at 0x21b4bee7330 of 58 bytes failed: Only part of a ReadProcessMemory or WriteProcessMemory request was completed. (0x12B)
[0403/171115.151:ERROR:process_memory_win.cc(73)] ReadMemory at 0x21b4bee7430 of 132 bytes failed: Only part of a ReadProcessMemory or WriteProcessMemory request was completed. (0x12B)
[0403/171115.151:ERROR:process_memory_win.cc(73)] ReadMemory at 0x21b4bee75c0 of 132 bytes failed: Only part of a ReadProcessMemory or WriteProcessMemory request was completed. (0x12B)
[0403/171115.151:ERROR:process_memory_win.cc(73)] ReadMemory at 0x21b4bee7780 of 126 bytes failed: Only part of a ReadProcessMemory or WriteProcessMemory request was completed. (0x12B)
[0403/171115.151:ERROR:process_memory_win.cc(73)] ReadMemory at 0x21b4bee7b60 of 132 bytes failed: Only part of a ReadProcessMemory or WriteProcessMemory request was completed. (0x12B)
[0403/171115.151:ERROR:process_memory_win.cc(73)] ReadMemory at 0x21b4bee7cf0 of 64 bytes failed: Only part of a ReadProcessMemory or WriteProcessMemory request was completed. (0x12B)
[0403/171115.151:ERROR:process_memory_win.cc(73)] ReadMemory at 0x21b4bee7eb0 of 132 bytes failed: Only part of a ReadProcessMemory or WriteProcessMemory request was completed. (0x12B)
[0403/171115.151:ERROR:process_memory_win.cc(73)] ReadMemory at 0x21b4bee8150 of 132 bytes failed: Only part of a ReadProcessMemory or WriteProcessMemory request was completed. (0x12B)
[0403/171115.151:ERROR:process_memory_win.cc(73)] ReadMemory at 0x21b4bee82e0 of 68 bytes failed: Only part of a ReadProcessMemory or WriteProcessMemory request was completed. (0x12B)
[0403/171115.151:ERROR:process_memory_win.cc(73)] ReadMemory at 0x21b4bee93b0 of 132 bytes failed: Only part of a ReadProcessMemory or WriteProcessMemory request was completed. (0x12B)
[0403/171115.151:ERROR:process_memory_win.cc(73)] ReadMemory at 0x21b4bee9540 of 154 bytes failed: Only part of a ReadProcessMemory or WriteProcessMemory request was completed. (0x12B)
[0403/171115.151:ERROR:process_memory_win.cc(73)] ReadMemory at 0x21b4beea280 of 126 bytes failed: Only part of a ReadProcessMemory or WriteProcessMemory request was completed. (0x12B)
[0403/171115.151:ERROR:process_memory_win.cc(73)] ReadMemory at 0x21b4beea360 of 62 bytes failed: Only part of a ReadProcessMemory or WriteProcessMemory request was completed. (0x12B)
[0403/171115.152:ERROR:process_memory_win.cc(73)] ReadMemory at 0x21b4beea3e0 of 58 bytes failed: Only part of a ReadProcessMemory or WriteProcessMemory request was completed. (0x12B)
[0403/171115.152:ERROR:process_memory_win.cc(73)] ReadMemory at 0x21b4beea4c0 of 132 bytes failed: Only part of a ReadProcessMemory or WriteProcessMemory request was completed. (0x12B)
[0403/171115.152:ERROR:process_memory_win.cc(73)] ReadMemory at 0x21b4beea650 of 60 bytes failed: Only part of a ReadProcessMemory or WriteProcessMemory request was completed. (0x12B)
[0403/171115.152:ERROR:process_memory_win.cc(73)] ReadMemory at 0x21b4beea7b0 of 132 bytes failed: Only part of a ReadProcessMemory or WriteProcessMemory request was completed. (0x12B)
[0403/171115.152:ERROR:process_memory_win.cc(73)] ReadMemory at 0x21b4beeb4a0 of 132 bytes failed: Only part of a ReadProcessMemory or WriteProcessMemory request was completed. (0x12B)
[0403/171115.152:ERROR:process_memory_win.cc(73)] ReadMemory at 0x21b4beeb5d0 of 132 bytes failed: Only part of a ReadProcessMemory or WriteProcessMemory request was completed. (0x12B)
[0403/171115.152:ERROR:process_memory_win.cc(73)] ReadMemory at 0x21b4beeb760 of 64 bytes failed: Only part of a ReadProcessMemory or WriteProcessMemory request was completed. (0x12B)
[0403/171115.152:ERROR:process_memory_win.cc(73)] ReadMemory at 0x21b4beeb7b0 of 132 bytes failed: Only part of a ReadProcessMemory or WriteProcessMemory request was completed. (0x12B)
[0403/171115.152:ERROR:process_memory_win.cc(73)] ReadMemory at 0x21b4beeb9d0 of 132 bytes failed: Only part of a ReadProcessMemory or WriteProcessMemory request was completed. (0x12B)
[0403/171115.152:ERROR:process_memory_win.cc(73)] ReadMemory at 0x21b4beebb60 of 62 bytes failed: Only part of a ReadProcessMemory or WriteProcessMemory request was completed. (0x12B)
[0403/171115.152:ERROR:process_memory_win.cc(73)] ReadMemory at 0x21b4beebce0 of 120 bytes failed: Only part of a ReadProcessMemory or WriteProcessMemory request was completed. (0x12B)
[0403/171115.152:ERROR:process_memory_win.cc(73)] ReadMemory at 0x21b4beebdc0 of 132 bytes failed: Only part of a ReadProcessMemory or WriteProcessMemory request was completed. (0x12B)
[0403/171115.152:ERROR:process_memory_win.cc(73)] ReadMemory at 0x21b4bef06c0 of 80 bytes failed: Only part of a ReadProcessMemory or WriteProcessMemory request was completed. (0x12B)
[0403/171115.152:ERROR:process_memory_win.cc(73)] ReadMemory at 0x21b4bef9520 of 512 bytes failed: Only part of a ReadProcessMemory or WriteProcessMemory request was completed. (0x12B)
[0403/171115.152:ERROR:process_memory_win.cc(73)] ReadMemory at 0x21b4bef98a0 of 512 bytes failed: Only part of a ReadProcessMemory or WriteProcessMemory request was completed. (0x12B)
[0403/171115.152:ERROR:process_memory_win.cc(73)] ReadMemory at 0x21b4bf5fea8 of 512 bytes failed: Only part of a ReadProcessMemory or WriteProcessMemory request was completed. (0x12B)
[0403/171115.152:ERROR:process_memory_win.cc(73)] ReadMemory at 0x21b4bf600f0 of 64 bytes failed: Only part of a ReadProcessMemory or WriteProcessMemory request was completed. (0x12B)
[0403/171115.152:ERROR:process_memory_win.cc(73)] ReadMemory at 0x21b4bf60140 of 66 bytes failed: Only part of a ReadProcessMemory or WriteProcessMemory request was completed. (0x12B)
[0403/171115.152:ERROR:process_memory_win.cc(73)] ReadMemory at 0x21b4bf60640 of 60 bytes failed: Only part of a ReadProcessMemory or WriteProcessMemory request was completed. (0x12B)
[0403/171115.152:ERROR:process_memory_win.cc(73)] ReadMemory at 0x21b4bf606e0 of 60 bytes failed: Only part of a ReadProcessMemory or WriteProcessMemory request was completed. (0x12B)
[0403/171115.152:ERROR:process_memory_win.cc(73)] ReadMemory at 0x21b4bf60bd0 of 512 bytes failed: Only part of a ReadProcessMemory or WriteProcessMemory request was completed. (0x12B)
[0403/171115.152:ERROR:process_memory_win.cc(73)] ReadMemory at 0x21b4bf60f40 of 132 bytes failed: Only part of a ReadProcessMemory or WriteProcessMemory request was completed. (0x12B)
[0403/171115.153:ERROR:process_memory_win.cc(73)] ReadMemory at 0x21b4bf61460 of 132 bytes failed: Only part of a ReadProcessMemory or WriteProcessMemory request was completed. (0x12B)
[0403/171115.153:ERROR:process_memory_win.cc(73)] ReadMemory at 0x21b4bf61590 of 132 bytes failed: Only part of a ReadProcessMemory or WriteProcessMemory request was completed. (0x12B)
[0403/171115.153:ERROR:process_memory_win.cc(73)] ReadMemory at 0x21b4bf616c0 of 132 bytes failed: Only part of a ReadProcessMemory or WriteProcessMemory request was completed. (0x12B)
[0403/171115.153:ERROR:process_memory_win.cc(73)] ReadMemory at 0x21b4bf617f0 of 132 bytes failed: Only part of a ReadProcessMemory or WriteProcessMemory request was completed. (0x12B)
[0403/171115.153:ERROR:process_memory_win.cc(73)] ReadMemory at 0x21b4bf61920 of 132 bytes failed: Only part of a ReadProcessMemory or WriteProcessMemory request was completed. (0x12B)
[0403/171115.153:ERROR:process_memory_win.cc(73)] ReadMemory at 0x21b4bf61a50 of 132 bytes failed: Only part of a ReadProcessMemory or WriteProcessMemory request was completed. (0x12B)
[0403/171115.153:ERROR:process_memory_win.cc(73)] ReadMemory at 0x21b4bf61b80 of 132 bytes failed: Only part of a ReadProcessMemory or WriteProcessMemory request was completed. (0x12B)
[0403/171115.153:ERROR:process_memory_win.cc(73)] ReadMemory at 0x21b4bf61cb0 of 132 bytes failed: Only part of a ReadProcessMemory or WriteProcessMemory request was completed. (0x12B)
[0403/171115.153:ERROR:process_memory_win.cc(73)] ReadMemory at 0x21b4bf61de0 of 132 bytes failed: Only part of a ReadProcessMemory or WriteProcessMemory request was completed. (0x12B)
[0403/171115.153:ERROR:process_memory_win.cc(73)] ReadMemory at 0x21b4bf61f10 of 132 bytes failed: Only part of a ReadProcessMemory or WriteProcessMemory request was completed. (0x12B)
[0403/171115.153:ERROR:process_memory_win.cc(73)] ReadMemory at 0x21b4bf62040 of 132 bytes failed: Only part of a ReadProcessMemory or WriteProcessMemory request was completed. (0x12B)
[0403/171115.153:ERROR:process_memory_win.cc(73)] ReadMemory at 0x21b4bf62170 of 132 bytes failed: Only part of a ReadProcessMemory or WriteProcessMemory request was completed. (0x12B)
[0403/171115.153:ERROR:process_memory_win.cc(73)] ReadMemory at 0x21b4bf622a0 of 132 bytes failed: Only part of a ReadProcessMemory or WriteProcessMemory request was completed. (0x12B)
[0403/171115.153:ERROR:process_memory_win.cc(73)] ReadMemory at 0x21b4bf62c30 of 132 bytes failed: Only part of a ReadProcessMemory or WriteProcessMemory request was completed. (0x12B)
[0403/171115.153:ERROR:process_memory_win.cc(73)] ReadMemory at 0x21b4bf62f00 of 132 bytes failed: Only part of a ReadProcessMemory or WriteProcessMemory request was completed. (0x12B)
[0403/171115.153:ERROR:process_memory_win.cc(73)] ReadMemory at 0x21b4bf63200 of 132 bytes failed: Only part of a ReadProcessMemory or WriteProcessMemory request was completed. (0x12B)
[0403/171115.153:ERROR:process_memory_win.cc(73)] ReadMemory at 0x21b4bf633e0 of 146 bytes failed: Only part of a ReadProcessMemory or WriteProcessMemory request was completed. (0x12B)
[0403/171115.153:ERROR:process_memory_win.cc(73)] ReadMemory at 0x21b4bf63c00 of 64 bytes failed: Only part of a ReadProcessMemory or WriteProcessMemory request was completed. (0x12B)
[0403/171115.153:ERROR:process_memory_win.cc(73)] ReadMemory at 0x21b4bf63cf0 of 62 bytes failed: Only part of a ReadProcessMemory or WriteProcessMemory request was completed. (0x12B)
[0403/171115.153:ERROR:process_memory_win.cc(73)] ReadMemory at 0x21b4bf63e30 of 60 bytes failed: Only part of a ReadProcessMemory or WriteProcessMemory request was completed. (0x12B)
[0403/171115.153:ERROR:process_memory_win.cc(73)] ReadMemory at 0x21b4bf63ed0 of 64 bytes failed: Only part of a ReadProcessMemory or WriteProcessMemory request was completed. (0x12B)
[0403/171115.153:ERROR:process_memory_win.cc(73)] ReadMemory at 0x21b4bf63f20 of 62 bytes failed: Only part of a ReadProcessMemory or WriteProcessMemory request was completed. (0x12B)
[0403/171115.153:ERROR:process_memory_win.cc(73)] ReadMemory at 0x21b4bf640b0 of 58 bytes failed: Only part of a ReadProcessMemory or WriteProcessMemory request was completed. (0x12B)
[0403/171115.153:ERROR:process_memory_win.cc(73)] ReadMemory at 0x21b4bf641a0 of 60 bytes failed: Only part of a ReadProcessMemory or WriteProcessMemory request was completed. (0x12B)
[0403/171115.153:ERROR:process_memory_win.cc(73)] ReadMemory at 0x21b4bf64240 of 62 bytes failed: Only part of a ReadProcessMemory or WriteProcessMemory request was completed. (0x12B)
[0403/171115.153:ERROR:process_memory_win.cc(73)] ReadMemory at 0x21b4bf64420 of 64 bytes failed: Only part of a ReadProcessMemory or WriteProcessMemory request was completed. (0x12B)
[0403/171115.153:ERROR:process_memory_win.cc(73)] ReadMemory at 0x21b4bf64470 of 64 bytes failed: Only part of a ReadProcessMemory or WriteProcessMemory request was completed. (0x12B)
[0403/171115.154:ERROR:process_memory_win.cc(73)] ReadMemory at 0x21b4bf64600 of 62 bytes failed: Only part of a ReadProcessMemory or WriteProcessMemory request was completed. (0x12B)
[0403/171115.154:ERROR:process_memory_win.cc(73)] ReadMemory at 0x21b4bf64650 of 60 bytes failed: Only part of a ReadProcessMemory or WriteProcessMemory request was completed. (0x12B)
[0403/171115.154:ERROR:process_memory_win.cc(73)] ReadMemory at 0x21b4bf646a0 of 64 bytes failed: Only part of a ReadProcessMemory or WriteProcessMemory request was completed. (0x12B)
[0403/171115.154:ERROR:process_memory_win.cc(73)] ReadMemory at 0x21b4bf64740 of 60 bytes failed: Only part of a ReadProcessMemory or WriteProcessMemory request was completed. (0x12B)
[0403/171115.154:ERROR:process_memory_win.cc(73)] ReadMemory at 0x21b4bf64790 of 62 bytes failed: Only part of a ReadProcessMemory or WriteProcessMemory request was completed. (0x12B)
[0403/171115.154:ERROR:process_memory_win.cc(73)] ReadMemory at 0x21b4bf647e0 of 62 bytes failed: Only part of a ReadProcessMemory or WriteProcessMemory request was completed. (0x12B)
[0403/171115.154:ERROR:process_memory_win.cc(73)] ReadMemory at 0x21b4bf648d0 of 64 bytes failed: Only part of a ReadProcessMemory or WriteProcessMemory request was completed. (0x12B)
[0403/171115.154:ERROR:process_memory_win.cc(73)] ReadMemory at 0x21b4bf64920 of 66 bytes failed: Only part of a ReadProcessMemory or WriteProcessMemory request was completed. (0x12B)
[0403/171115.154:ERROR:process_memory_win.cc(73)] ReadMemory at 0x21b4bf64b50 of 58 bytes failed: Only part of a ReadProcessMemory or WriteProcessMemory request was completed. (0x12B)
[0403/171115.154:ERROR:process_memory_win.cc(73)] ReadMemory at 0x21b4bf68840 of 54 bytes failed: Only part of a ReadProcessMemory or WriteProcessMemory request was completed. (0x12B)
[0403/171115.154:ERROR:process_memory_win.cc(73)] ReadMemory at 0x21b4bf81660 of 132 bytes failed: Only part of a ReadProcessMemory or WriteProcessMemory request was completed. (0x12B)
[0403/171115.154:ERROR:process_memory_win.cc(73)] ReadMemory at 0x21b4bf818c0 of 132 bytes failed: Only part of a ReadProcessMemory or WriteProcessMemory request was completed. (0x12B)
[0403/171115.154:ERROR:process_memory_win.cc(73)] ReadMemory at 0x21b4bf819f0 of 132 bytes failed: Only part of a ReadProcessMemory or WriteProcessMemory request was completed. (0x12B)
[0403/171115.154:ERROR:process_memory_win.cc(73)] ReadMemory at 0x21b4bf81b20 of 132 bytes failed: Only part of a ReadProcessMemory or WriteProcessMemory request was completed. (0x12B)
[0403/171115.154:ERROR:process_memory_win.cc(73)] ReadMemory at 0x21b4bf81c50 of 132 bytes failed: Only part of a ReadProcessMemory or WriteProcessMemory request was completed. (0x12B)
[0403/171115.154:ERROR:process_memory_win.cc(73)] ReadMemory at 0x21b4bf81d80 of 132 bytes failed: Only part of a ReadProcessMemory or WriteProcessMemory request was completed. (0x12B)
[0403/171115.154:ERROR:process_memory_win.cc(73)] ReadMemory at 0x21b4bf81fe0 of 132 bytes failed: Only part of a ReadProcessMemory or WriteProcessMemory request was completed. (0x12B)
[0403/171115.154:ERROR:process_memory_win.cc(73)] ReadMemory at 0x21b4bf82110 of 132 bytes failed: Only part of a ReadProcessMemory or WriteProcessMemory request was completed. (0x12B)
[0403/171115.154:ERROR:process_memory_win.cc(73)] ReadMemory at 0x21b4bf82240 of 132 bytes failed: Only part of a ReadProcessMemory or WriteProcessMemory request was completed. (0x12B)
[0403/171115.154:ERROR:process_memory_win.cc(73)] ReadMemory at 0x21b4bf824a0 of 132 bytes failed: Only part of a ReadProcessMemory or WriteProcessMemory request was completed. (0x12B)
[0403/171115.154:ERROR:process_memory_win.cc(73)] ReadMemory at 0x21b4bf82700 of 132 bytes failed: Only part of a ReadProcessMemory or WriteProcessMemory request was completed. (0x12B)
[0403/171115.154:ERROR:process_memory_win.cc(73)] ReadMemory at 0x21b4bf82960 of 132 bytes failed: Only part of a ReadProcessMemory or WriteProcessMemory request was completed. (0x12B)
[0403/171115.154:ERROR:process_memory_win.cc(73)] ReadMemory at 0x21b4bf82a90 of 132 bytes failed: Only part of a ReadProcessMemory or WriteProcessMemory request was completed. (0x12B)
[0403/171115.154:ERROR:process_memory_win.cc(73)] ReadMemory at 0x21b4bf82bc0 of 132 bytes failed: Only part of a ReadProcessMemory or WriteProcessMemory request was completed. (0x12B)
[0403/171115.155:ERROR:process_memory_win.cc(73)] ReadMemory at 0x21b4bf82cf0 of 132 bytes failed: Only part of a ReadProcessMemory or WriteProcessMemory request was completed. (0x12B)
[0403/171115.155:ERROR:process_memory_win.cc(73)] ReadMemory at 0x21b4bf82e20 of 132 bytes failed: Only part of a ReadProcessMemory or WriteProcessMemory request was completed. (0x12B)
[0403/171115.155:ERROR:process_memory_win.cc(73)] ReadMemory at 0x21b4bf83080 of 132 bytes failed: Only part of a ReadProcessMemory or WriteProcessMemory request was completed. (0x12B)
[0403/171115.155:ERROR:process_memory_win.cc(73)] ReadMemory at 0x21b4bf831b0 of 132 bytes failed: Only part of a ReadProcessMemory or WriteProcessMemory request was completed. (0x12B)
[0403/171115.155:ERROR:process_memory_win.cc(73)] ReadMemory at 0x21b4bf83930 of 80 bytes failed: Only part of a ReadProcessMemory or WriteProcessMemory request was completed. (0x12B)
[0403/171115.155:ERROR:process_memory_win.cc(73)] ReadMemory at 0x21b4bf83cf0 of 76 bytes failed: Only part of a ReadProcessMemory or WriteProcessMemory request was completed. (0x12B)
[0403/171115.155:ERROR:process_memory_win.cc(73)] ReadMemory at 0x21b4bf877d0 of 62 bytes failed: Only part of a ReadProcessMemory or WriteProcessMemory request was completed. (0x12B)
[0403/171115.155:ERROR:process_memory_win.cc(73)] ReadMemory at 0x21b4bf88270 of 62 bytes failed: Only part of a ReadProcessMemory or WriteProcessMemory request was completed. (0x12B)
[0403/171115.155:ERROR:process_memory_win.cc(73)] ReadMemory at 0x21b4bf88450 of 60 bytes failed: Only part of a ReadProcessMemory or WriteProcessMemory request was completed. (0x12B)
[0403/171115.156:ERROR:process_memory_win.cc(73)] ReadMemory at 0x21b4bf974a0 of 512 bytes failed: Only part of a ReadProcessMemory or WriteProcessMemory request was completed. (0x12B)
[0403/171115.156:ERROR:process_memory_win.cc(73)] ReadMemory at 0x21b4bf986c0 of 512 bytes failed: Only part of a ReadProcessMemory or WriteProcessMemory request was completed. (0x12B)
[0403/171115.156:ERROR:process_memory_win.cc(73)] ReadMemory at 0x21b4cdf1b40 of 512 bytes failed: Only part of a ReadProcessMemory or WriteProcessMemory request was completed. (0x12B)
[0403/171115.156:ERROR:process_memory_win.cc(73)] ReadMemory at 0x21b4ce721b0 of 512 bytes failed: Only part of a ReadProcessMemory or WriteProcessMemory request was completed. (0x12B)
[0403/171115.156:ERROR:process_memory_win.cc(73)] ReadMemory at 0x21b4ce73070 of 512 bytes failed: Only part of a ReadProcessMemory or WriteProcessMemory request was completed. (0x12B)
[0403/171115.156:ERROR:process_memory_win.cc(73)] ReadMemory at 0x21b4ce75f80 of 512 bytes failed: Only part of a ReadProcessMemory or WriteProcessMemory request was completed. (0x12B)
[0403/171115.156:ERROR:process_memory_win.cc(73)] ReadMemory at 0x21b4ce763a0 of 512 bytes failed: Only part of a ReadProcessMemory or WriteProcessMemory request was completed. (0x12B)
[0403/171115.156:ERROR:process_memory_win.cc(73)] ReadMemory at 0x21b4ce7be80 of 512 bytes failed: Only part of a ReadProcessMemory or WriteProcessMemory request was completed. (0x12B)
[0403/171115.156:ERROR:process_memory_win.cc(73)] ReadMemory at 0x21b4ce903b0 of 712 bytes failed: Only part of a ReadProcessMemory or WriteProcessMemory request was completed. (0x12B)
[0403/171115.156:ERROR:process_memory_win.cc(73)] ReadMemory at 0x21b4ce9eca0 of 512 bytes failed: Only part of a ReadProcessMemory or WriteProcessMemory request was completed. (0x12B)
[0403/171115.156:ERROR:process_memory_win.cc(73)] ReadMemory at 0x21b4cf23588 of 512 bytes failed: Only part of a ReadProcessMemory or WriteProcessMemory request was completed. (0x12B)
[0403/171115.157:ERROR:process_memory_win.cc(73)] ReadMemory at 0x21b4cf238f8 of 512 bytes failed: Only part of a ReadProcessMemory or WriteProcessMemory request was completed. (0x12B)
[0403/171115.157:ERROR:process_memory_win.cc(73)] ReadMemory at 0x21b4ed20000 of 384 bytes failed: Only part of a ReadProcessMemory or WriteProcessMemory request was completed. (0x12B)
[0403/171115.157:ERROR:process_memory_win.cc(73)] ReadMemory at 0x21b4ed96088 of 512 bytes failed: Only part of a ReadProcessMemory or WriteProcessMemory request was completed. (0x12B)
[0403/171115.157:ERROR:process_memory_win.cc(73)] ReadMemory at 0x21b4ed962c8 of 656 bytes failed: Only part of a ReadProcessMemory or WriteProcessMemory request was completed. (0x12B)
[0403/171115.157:ERROR:process_memory_win.cc(73)] ReadMemory at 0x21b4ed97288 of 512 bytes failed: Only part of a ReadProcessMemory or WriteProcessMemory request was completed. (0x12B)
[0403/171115.157:ERROR:process_memory_win.cc(73)] ReadMemory at 0x21b4ed97ca8 of 512 bytes failed: Only part of a ReadProcessMemory or WriteProcessMemory request was completed. (0x12B)
[0403/171115.157:ERROR:process_memory_win.cc(73)] ReadMemory at 0x21b4ed9e940 of 512 bytes failed: Only part of a ReadProcessMemory or WriteProcessMemory request was completed. (0x12B)
[0403/171115.157:ERROR:process_memory_win.cc(73)] ReadMemory at 0x21b4f4fb6a0 of 800 bytes failed: Only part of a ReadProcessMemory or WriteProcessMemory request was completed. (0x12B)
[0403/171115.157:ERROR:process_memory_win.cc(73)] ReadMemory at 0x21b4f4fd560 of 512 bytes failed: Only part of a ReadProcessMemory or WriteProcessMemory request was completed. (0x12B)
[0403/171115.157:ERROR:process_memory_win.cc(73)] ReadMemory at 0x21b4f5e88e8 of 512 bytes failed: Only part of a ReadProcessMemory or WriteProcessMemory request was completed. (0x12B)
[0403/171115.157:ERROR:process_memory_win.cc(73)] ReadMemory at 0x21b4f643f10 of 512 bytes failed: Only part of a ReadProcessMemory or WriteProcessMemory request was completed. (0x12B)
[0403/171115.157:ERROR:process_memory_win.cc(73)] ReadMemory at 0x21b4f6442d0 of 608 bytes failed: Only part of a ReadProcessMemory or WriteProcessMemory request was completed. (0x12B)
[0403/171115.158:ERROR:process_memory_win.cc(73)] ReadMemory at 0x21b4f6869b0 of 512 bytes failed: Only part of a ReadProcessMemory or WriteProcessMemory request was completed. (0x12B)
[0403/171115.158:ERROR:process_memory_win.cc(73)] ReadMemory at 0x21b4f6b12d0 of 512 bytes failed: Only part of a ReadProcessMemory or WriteProcessMemory request was completed. (0x12B)
[0403/171115.158:ERROR:process_memory_win.cc(73)] ReadMemory at 0xc6260524948 of 512 bytes failed: Only part of a ReadProcessMemory or WriteProcessMemory request was completed. (0x12B)
[0403/171115.158:ERROR:process_memory_win.cc(73)] ReadMemory at 0x4641080432dd of 512 bytes failed: Only part of a ReadProcessMemory or WriteProcessMemory request was completed. (0x12B)
[0403/171115.158:ERROR:process_memory_win.cc(73)] ReadMemory at 0x4641081bdf88 of 512 bytes failed: Only part of a ReadProcessMemory or WriteProcessMemory request was completed. (0x12B)
[0403/171115.158:ERROR:process_memory_win.cc(73)] ReadMemory at 0x46410859cb40 of 512 bytes failed: Only part of a ReadProcessMemory or WriteProcessMemory request was completed. (0x12B)
[0403/171115.158:ERROR:process_memory_win.cc(73)] ReadMemory at 0x7ffb5e5717f0 of 512 bytes failed: Only part of a ReadProcessMemory or WriteProcessMemory request was completed. (0x12B)
[0403/171115.158:ERROR:process_memory_win.cc(73)] ReadMemory at 0x7ffb5fb93d1b of 512 bytes failed: Only part of a ReadProcessMemory or WriteProcessMemory request was completed. (0x12B)
[0403/171115.158:ERROR:process_memory_win.cc(73)] ReadMemory at 0x7ffb63c66d48 of 512 bytes failed: Only part of a ReadProcessMemory or WriteProcessMemory request was completed. (0x12B)
[0403/171115.158:ERROR:process_memory_win.cc(73)] ReadMemory at 0x7ffb63f55964 of 512 bytes failed: Only part of a ReadProcessMemory or WriteProcessMemory request was completed. (0x12B)
[0403/171115.158:ERROR:process_memory_win.cc(73)] ReadMemory at 0x7ffbcfd7c0c4 of 672 bytes failed: Only part of a ReadProcessMemory or WriteProcessMemory request was completed. (0x12B)
[0403/171115.158:ERROR:process_memory_win.cc(73)] ReadMemory at 0x7ffbcfd7c6c4 of 512 bytes failed: Only part of a ReadProcessMemory or WriteProcessMemory request was completed. (0x12B)
[0403/171115.159:ERROR:process_memory_win.cc(73)] ReadMemory at 0x7ffbcfd7cb94 of 512 bytes failed: Only part of a ReadProcessMemory or WriteProcessMemory request was completed. (0x12B)
[0403/171115.159:ERROR:process_memory_win.cc(73)] ReadMemory at 0x7ffbcfd7f974 of 608 bytes failed: Only part of a ReadProcessMemory or WriteProcessMemory request was completed. (0x12B)
[0403/171115.159:ERROR:process_memory_win.cc(73)] ReadMemory at 0x7ffbcfe0c428 of 18 bytes failed: Only part of a ReadProcessMemory or WriteProcessMemory request was completed. (0x12B)
[0403/171115.159:ERROR:process_memory_win.cc(73)] ReadMemory at 0x7ffbcfe3f4f8 of 40 bytes failed: Only part of a ReadProcessMemory or WriteProcessMemory request was completed. (0x12B)
[0403/171115.159:ERROR:process_memory_win.cc(73)] ReadMemory at 0x7ffbcfe3f978 of 48 bytes failed: Only part of a ReadProcessMemory or WriteProcessMemory request was completed. (0x12B)
[0403/171115.159:ERROR:process_memory_win.cc(73)] ReadMemory at 0x7ffbcfe453c0 of 64 bytes failed: Only part of a ReadProcessMemory or WriteProcessMemory request was completed. (0x12B)
[0403/171115.165:ERROR:scoped_process_suspend.cc(40)] NtResumeProcess: An attempt was made to access an exiting process. (0xc000010a)
